  utils .cpp
c:\users\usuario\source\repos\steeringbehavior\sdl_steering_behaviors\src\utils .cpp(5): fatal error C1083: Cannot open include file: 'SDL.h': No such file or directory
  main.cpp
c:\users\usuario\source\repos\steeringbehavior\sdl_steering_behaviors\src\main.cpp(2): fatal error C1083: Cannot open include file: 'SDL.h': No such file or directory
  WanderScene.cpp
c:\users\usuario\source\repos\steeringbehavior\sdl_steering_behaviors\src\scene.h(3): fatal error C1083: Cannot open include file: 'SDL.h': No such file or directory
  SteeringBehavior.cpp
c:\users\usuario\source\repos\steeringbehavior\sdl_steering_behaviors\src\agent.h(4): fatal error C1083: Cannot open include file: 'SDL.h': No such file or directory
  SeekScene.cpp
c:\users\usuario\source\repos\steeringbehavior\sdl_steering_behaviors\src\scene.h(3): fatal error C1083: Cannot open include file: 'SDL.h': No such file or directory
  SceneKinematicSeek .cpp
c:\users\usuario\source\repos\steeringbehavior\sdl_steering_behaviors\src\scene.h(3): fatal error C1083: Cannot open include file: 'SDL.h': No such file or directory
  SceneKinematicFlee.cpp
c:\users\usuario\source\repos\steeringbehavior\sdl_steering_behaviors\src\scene.h(3): fatal error C1083: Cannot open include file: 'SDL.h': No such file or directory
  SDL_SimpleApp.cpp
c:\users\usuario\source\repos\steeringbehavior\sdl_steering_behaviors\src\sdl_simpleapp.h(3): fatal error C1083: Cannot open include file: 'SDL.h': No such file or directory
  PursueScene.cpp
c:\users\usuario\source\repos\steeringbehavior\sdl_steering_behaviors\src\scene.h(3): fatal error C1083: Cannot open include file: 'SDL.h': No such file or directory
  PerimeterAvoidanceScene.cpp
c:\users\usuario\source\repos\steeringbehavior\sdl_steering_behaviors\src\scene.h(3): fatal error C1083: Cannot open include file: 'SDL.h': No such file or directory
  PathFollowingScene.cpp
c:\users\usuario\source\repos\steeringbehavior\sdl_steering_behaviors\src\scene.h(3): fatal error C1083: Cannot open include file: 'SDL.h': No such file or directory
  ObstacleAvoidanceScene.cpp
c:\users\usuario\source\repos\steeringbehavior\sdl_steering_behaviors\src\scene.h(3): fatal error C1083: Cannot open include file: 'SDL.h': No such file or directory
  Line.cpp
c:\users\usuario\source\repos\steeringbehavior\sdl_steering_behaviors\src\sdl_simpleapp.h(3): fatal error C1083: Cannot open include file: 'SDL.h': No such file or directory
  Image.cpp
c:\users\usuario\source\repos\steeringbehavior\sdl_steering_behaviors\src\image.h(4): fatal error C1083: Cannot open include file: 'SDL.h': No such file or directory
  FlockingScene.cpp
c:\users\usuario\source\repos\steeringbehavior\sdl_steering_behaviors\src\sdl_simpleapp.h(3): fatal error C1083: Cannot open include file: 'SDL.h': No such file or directory
  FleeScene.cpp
c:\users\usuario\source\repos\steeringbehavior\sdl_steering_behaviors\src\scene.h(3): fatal error C1083: Cannot open include file: 'SDL.h': No such file or directory
  CollisionAvoidanceScene.cpp
c:\users\usuario\source\repos\steeringbehavior\sdl_steering_behaviors\src\scene.h(3): fatal error C1083: Cannot open include file: 'SDL.h': No such file or directory
  ArriveScene.cpp
c:\users\usuario\source\repos\steeringbehavior\sdl_steering_behaviors\src\sdl_simpleapp.h(3): fatal error C1083: Cannot open include file: 'SDL.h': No such file or directory
  Agent.cpp
c:\users\usuario\source\repos\steeringbehavior\sdl_steering_behaviors\src\agent.h(4): fatal error C1083: Cannot open include file: 'SDL.h': No such file or directory
  AdvancedPathFollowingScene.cpp
c:\users\usuario\source\repos\steeringbehavior\sdl_steering_behaviors\src\scene.h(3): fatal error C1083: Cannot open include file: 'SDL.h': No such file or directory
  Generating Code...
